2020-10-25.19:09:07: Inicia sesion - .
: ===================================
2020-10-25.19:09:27: Reserva_A1 - .
: ===================================
2020-10-25.19:09:44: Libera_A1 - .
: ===================================
2020-10-25.22:49:45: Inicia sesion - .
: ===================================
2020-10-25.22:58:04: Inicia sesion - .
: ===================================
2020-10-25.22:58:54: Inicia sesion - .
: ===================================
2020-10-25.23:09:58: Inicia sesion - .
: ===================================
2020-10-25.23:17:40: Inicia sesion - .
: ===================================
2020-10-25.23:19:53: Inicia sesion - .
: ===================================
2020-10-25.23:25:47: Inicia sesion - .
: ===================================
2020-10-25.23:28:14: Inicia sesion - .
: ===================================
2020-10-25.23:33:03: Inicia sesion - .
: ===================================
2020-10-25.23:35:07: Inicia sesion - .
: ===================================
2020-10-25.23:37:07: Inicia sesion - .
: ===================================
2020-10-25.23:39:38: Inicia sesion - .
: ===================================
2020-10-26.00:31:30: Inicia sesion - .
: ===================================
2020-10-26.00:44:22: Inicia sesion - .
: ===================================
2020-10-26.00:45:27: Inicia sesion - .
: ===================================
2020-10-26.02:04:35: Inicia sesion - .
: ===================================
2020-10-26.02:09:39: Inicia sesion - .
: ===================================
2020-10-26.02:12:13: Inicia sesion - .
: ===================================
2020-10-26.02:22:14: Inicia sesion - .
: ===================================
2020-10-26.11:34:12: Inicia sesion - .
: ===================================
2020-10-26.11:34:40: Crea el servicio con los datos () - .
: ===================================
2020-10-26.11:37:06: Inicia sesion - .
: ===================================
2020-10-26.11:39:01: Crea el servicio con los datos (26-10-2020 Mar_Del_Plata Tarde) - .
: ===================================
2020-10-26.14:37:47: Inicia sesion - .
: ===================================
