
2020-11-01.05:38:46: ===================================
2020-11-01.05:38:46: Inicia sesion
2020-11-01.05:38:46: ===================================
2020-11-01.05:40:03: Crea el servicio con los datos (3-11-2020 Buenos_Aires Maniana)
2020-11-01.05:40:19: Crea el servicio con los datos (3-11-2020 Buenos_Aires Tarde)
2020-11-01.05:40:35: Crea el servicio con los datos (3-11-2020 Buenos_Aires Noche)
2020-11-01.05:40:58: Crea el servicio con los datos (4-11-2020 Buenos_Aires Maniana)
2020-11-01.05:41:20: Crea el servicio con los datos (5-11-2020 Buenos_Aires Tarde)
2020-11-01.05:41:36: Crea el servicio con los datos (6-11-2020 Buenos_Aires Noche)
2020-11-01.05:41:53: Crea el servicio con los datos (3-11-2020 Mar_Del_Plata Tarde)
2020-11-01.05:42:10: Crea el servicio con los datos (3-11-2020 Mar_Del_Plata Noche)
2020-11-01.05:42:32: Crea el servicio con los datos (4-11-2020 Mar_Del_Plata Tarde)
2020-11-01.05:42:53: Crea el servicio con los datos (5-11-2020 Mar_Del_Plata Noche)
2020-11-01.05:43:10: Crea el servicio con los datos (6-11-2020 Mar_Del_Plata Noche)
2020-11-01.05:45:19: 3112020BT - Reserva_A1
2020-11-01.05:45:24: 3112020BT - Reserva_B1
2020-11-01.05:45:27: 3112020BT - Reserva_C1
2020-11-01.05:46:03: 5112020MN - Reserva_A18
2020-11-01.05:46:07: 5112020MN - Reserva_A19
2020-11-01.05:46:13: 5112020MN - Reserva_C20
2020-11-01.05:46:35: Cierra sesion

2020-11-01.05:56:45: ===================================
2020-11-01.05:56:45: Inicia sesion
2020-11-01.05:56:45: ===================================
2020-11-01.05:56:56: Cierra sesion
