
2020-11-01.05:46:59: ===================================
2020-11-01.05:46:59: Inicia sesion
2020-11-01.05:46:59: ===================================
2020-11-01.05:47:42: 3112020BT - Libera_B1
2020-11-01.05:48:09: Crea el servicio con los datos (23-11-2020 Buenos_Aires Maniana)
2020-11-01.05:48:23: Crea el servicio con los datos (23-11-2020 Mar_Del_Plata Noche)
2020-11-01.05:50:23: Cierra sesion
2020-11-01.05:50:23: Cierra sesion

2020-11-01.05:51:01: ===================================
2020-11-01.05:51:01: Inicia sesion
2020-11-01.05:51:01: ===================================
2020-11-01.05:51:20: Cierra sesion

2020-11-01.06:02:20: ===================================
2020-11-01.06:02:20: Inicia sesion
2020-11-01.06:02:20: ===================================
2020-11-01.06:02:39: Cierra sesion

2020-11-01.06:09:27: ===================================
2020-11-01.06:09:27: Inicia sesion
2020-11-01.06:09:27: ===================================
2020-11-01.06:09:45: Cierra sesion
