
2020-11-07.18:04:24: ===================================
2020-11-07.18:04:24: Inicia sesion
2020-11-07.18:04:24: ===================================
2020-11-07.18:04:29: Cierra sesion

2020-11-07.18:27:41: ===================================
2020-11-07.18:27:41: Inicia sesion
2020-11-07.18:27:41: ===================================
2020-11-07.18:27:44: Cierra sesion

2020-11-07.18:44:44: ===================================
2020-11-07.18:44:44: Inicia sesion
2020-11-07.18:44:44: ===================================
2020-11-07.18:45:03: Crea el servicio con los datos (20-12-2020 Mar_Del_Plata Tarde)
2020-11-07.18:45:39: 20122020MT - Reserva_A12
2020-11-07.18:46:16: Cierra sesion

2020-11-07.18:49:59: ===================================
2020-11-07.18:49:59: Inicia sesion
2020-11-07.18:49:59: ===================================
2020-11-07.18:50:31: Cierra sesion

2020-11-07.18:54:52: ===================================
2020-11-07.18:54:52: Inicia sesion
2020-11-07.18:54:52: ===================================
2020-11-07.18:55:21: 23112020MN - Libera_B16
2020-11-07.18:55:28: Cierra sesion

2020-11-07.19:08:36: ===================================
2020-11-07.19:08:36: Inicia sesion
2020-11-07.19:08:36: ===================================
2020-11-07.19:08:58: 20122020MT - Reserva_C20
2020-11-07.19:09:07: 20122020MT - Libera_A12
2020-11-07.19:09:18: Cierra sesion

2020-11-07.19:13:45: ===================================
2020-11-07.19:13:45: Inicia sesion
2020-11-07.19:13:45: ===================================
2020-11-07.19:13:48: Cierra sesion
