
2020-10-29.17:24:24: ===================================
2020-10-29.17:24:24: Inicia servidor
2020-10-29.17:24:24: ===================================
2020-10-29.17:24:24: Socket creado. Puerto de escucha:4747
2020-10-29.17:24:36: Cliente conectado
2020-10-29.17:24:41: Usuario autenticado -Usuario_2
2020-10-29.17:26:00: Cliente desconectado

2020-10-29.17:27:01: ===================================
2020-10-29.17:27:01: Inicia servidor
2020-10-29.17:27:01: ===================================
2020-10-29.17:27:01: Socket creado. Puerto de escucha:4747
2020-10-29.17:27:02: Cliente conectado
2020-10-29.17:27:09: Usuario autenticado -Usuario_2

2020-10-29.17:31:13: ===================================
2020-10-29.17:31:13: Inicia servidor
2020-10-29.17:31:13: ===================================
2020-10-29.17:31:13: Socket creado. Puerto de escucha:4747
2020-10-29.17:31:23: Cliente conectado
2020-10-29.17:31:30: Usuario autenticado -Usuario_2
2020-10-29.17:31:46: Cliente desconectado

2020-10-29.17:43:26: ===================================
2020-10-29.17:43:26: Inicia servidor
2020-10-29.17:43:26: ===================================
2020-10-29.17:43:26: Socket creado. Puerto de escucha:4747
2020-10-29.17:44:36: Cliente conectado
2020-10-29.17:44:44: Usuario autenticado -Usuario_2
2020-10-29.17:44:46: Cliente desconectado

2020-10-29.17:46:00: ===================================
2020-10-29.17:46:00: Inicia servidor
2020-10-29.17:46:00: ===================================
2020-10-29.17:46:00: Socket creado. Puerto de escucha:4747
2020-10-29.17:46:01: Cliente conectado
2020-10-29.17:46:09: Usuario autenticado -Usuario_2
2020-10-29.17:46:19: Cliente desconectado

2020-10-29.17:49:06: ===================================
2020-10-29.17:49:06: Inicia servidor
2020-10-29.17:49:06: ===================================
2020-10-29.17:49:06: Socket creado. Puerto de escucha:4747
2020-10-29.17:49:12: Cliente conectado
2020-10-29.17:49:17: Usuario autenticado -Usuario_2
2020-10-29.17:49:19: Cliente desconectado

2020-10-29.23:23:04: ===================================
2020-10-29.23:23:04: Inicia servidor
2020-10-29.23:23:04: ===================================
2020-10-29.23:23:04: Socket creado. Puerto de escucha:4747

2020-10-29.23:26:15: ===================================
2020-10-29.23:26:15: Inicia servidor
2020-10-29.23:26:15: ===================================
2020-10-29.23:26:15: Socket creado. Puerto de escucha:4747
