2020-10-26.21:15:25: Inicia sesion - Usuario_2
: ===================================
2020-10-26.21:21:40: Inicia sesion - Usuario_2
: ===================================
2020-10-26.21:43:51: Inicia sesion - Usuario_2
: ===================================
2020-10-26.21:47:31: Inicia sesion - Usuario_2
: ===================================
2020-10-26.21:53:24: Inicia sesion - Usuario_2
: ===================================
2020-10-26.22:09:52: Inicia sesion - Usuario_2
: ===================================
2020-10-26.22:11:44: Inicia sesion - Usuario_2
: ===================================
2020-10-26.22:28:05: Inicia sesion - Usuario_2
: ===================================
2020-10-26.22:41:20: Inicia sesion - Usuario_2
: ===================================
2020-10-26.22:43:46: Inicia sesion - Usuario_2
: ===================================
2020-10-26.23:19:56: Inicia sesion - Usuario_2
: ===================================
2020-10-26.23:20:14: Crea el servicio con los datos (1-11-2020 Buenos_Aires Noche) - Usuario_2
: ===================================
2020-10-26.23:20:40: Crea el servicio con los datos (26-10-2020 Buenos_Aires Tarde) - Usuario_2
: ===================================
2020-10-26.23:20:59: Crea el servicio con los datos (26-10-2020 Mar_Del_Plata Maniana) - Usuario_2
: ===================================
2020-10-26.23:21:38: Crea el servicio con los datos (26-10-2020 Buenos_Aires Noche) - Usuario_2
: ===================================
2020-10-26.23:22:00: Crea el servicio con los datos (26-10-2020 Buenos_Aires Maniana) - Usuario_2
: ===================================
2020-10-26.23:23:04: Crea el servicio con los datos (26-10-2020 Mar_Del_Plata Tarde) - Usuario_2
: ===================================
2020-10-26.23:23:36: Crea el servicio con los datos (26-10-2020 Mar_Del_Plata Noche) - Usuario_2
: ===================================
2020-10-26.23:25:17: Crea el servicio con los datos (27-10-2020 Mar_Del_Plata Noche) - Usuario_2
: ===================================
2020-10-26.23:26:08: Crea el servicio con los datos (1-11-2020 Mar_Del_Plata Noche) - Usuario_2
: ===================================
2020-10-26.23:27:34: Inicia sesion - Usuario_2
: ===================================
2020-10-26.23:27:45: Crea el servicio con los datos (1-12-2020 Mar_Del_Plata Noche) - Usuario_2
: ===================================
2020-10-26.23:38:32: Inicia sesion - Usuario_2
: ===================================
2020-10-26.23:38:47: Crea el servicio con los datos (1-11-2020 Mar_Del_Plata Noche) - Usuario_2
: ===================================
2020-10-26.23:39:04: Crea el servicio con los datos (26-10-2020 Mar_Del_Plata Tarde) - Usuario_2
: ===================================
2020-10-26.23:39:15: Crea el servicio con los datos (27-10-2020 Mar_Del_Plata Maniana) - Usuario_2
: ===================================
2020-10-26.23:39:36: Crea el servicio con los datos (30-11-2020 Buenos_Aires Tarde) - Usuario_2
: ===================================
2020-10-26.23:40:01: Crea el servicio con los datos (27-10-2020 Buenos_Aires Tarde) - Usuario_2
: ===================================
2020-10-26.23:41:02: Inicia sesion - Usuario_2
: ===================================
2020-10-26.23:41:24: Crea el servicio con los datos (27-10-2020 Mar_Del_Plata Noche) - Usuario_2
: ===================================
2020-10-26.23:42:16: Crea el servicio con los datos (27-10-2020 Mar_Del_Plata Tarde) - Usuario_2
: ===================================
2020-10-26.23:42:51: Crea el servicio con los datos (27-10-2020 Buenos_Aires Noche) - Usuario_2
: ===================================
2020-10-26.23:43:47: Crea el servicio con los datos (27-10-2020 Buenos_Aires Maniana) - Usuario_2
: ===================================
